<?xml version="1.0" encoding="UTF-8"?>
<!-- Generated by org.testng.reporters.JUnitXMLReporter -->
<testsuite hostname="DESKTOP-7JETSFH" ignored="2" name="Default test" tests="1" failures="0" timestamp="2024-01-19T15:46:34 IST" time="5.254" errors="0">
  <testcase name="getIncident" time="5.222" classname="httpmethodsdemo.GetDemo"/>
  <testcase name="getRequest" time="0.0" classname="httpmethodsdemo.GetDemo">
    <ignored/>
  </testcase> <!-- getRequest -->
  <testcase name="getRequestDemo" time="0.0" classname="httpmethodsdemo.GetDemo">
    <ignored/>
  </testcase> <!-- getRequestDemo -->
</testsuite> <!-- Default test -->
